[FATAL] 2018-07-23 14:50:15,868 com.scp.TestLogic.TestLogic main - This is Fatal
[ERROR] 2018-07-23 14:50:15,923 com.scp.TestLogic.TestLogic main - This is Error
[WARN] 2018-07-23 14:50:15,957 com.scp.TestLogic.TestLogic main - This is Warn
[DEBUG] 2018-07-23 14:50:15,994 com.scp.TestLogic.TestLogic main - This is debug
[TRACE] 2018-07-23 14:50:16,034 com.scp.TestLogic.TestLogic main - This is Trace
[FATAL] 2018-07-23 14:50:36,065 com.scp.TestLogic.TestLogic main - This is Fatal
[ERROR] 2018-07-23 14:50:36,132 com.scp.TestLogic.TestLogic main - This is Error
[WARN] 2018-07-23 14:50:36,167 com.scp.TestLogic.TestLogic main - This is Warn
[DEBUG] 2018-07-23 14:50:36,198 com.scp.TestLogic.TestLogic main - This is debug
[TRACE] 2018-07-23 14:50:36,233 com.scp.TestLogic.TestLogic main - This is Trace
[FATAL] 2018-07-23 14:50:56,264 com.scp.TestLogic.TestLogic main - This is Fatal
[ERROR] 2018-07-23 14:50:56,332 com.scp.TestLogic.TestLogic main - This is Error
[WARN] 2018-07-23 14:50:56,387 com.scp.TestLogic.TestLogic main - This is Warn
[DEBUG] 2018-07-23 14:50:56,419 com.scp.TestLogic.TestLogic main - This is debug
[TRACE] 2018-07-23 14:50:56,453 com.scp.TestLogic.TestLogic main - This is Trace
[FATAL] 2018-07-23 14:51:09,664 com.scp.TestLogic.TestLogic main - This is Fatal
[ERROR] 2018-07-23 14:51:10,012 com.scp.TestLogic.TestLogic main - This is Error
[WARN] 2018-07-23 14:51:10,066 com.scp.TestLogic.TestLogic main - This is Warn
[DEBUG] 2018-07-23 14:51:10,097 com.scp.TestLogic.TestLogic main - This is debug
[TRACE] 2018-07-23 14:51:10,143 com.scp.TestLogic.TestLogic main - This is Trace
[FATAL] 2018-07-23 14:51:30,246 com.scp.TestLogic.TestLogic main - This is Fatal
[ERROR] 2018-07-23 14:51:30,318 com.scp.TestLogic.TestLogic main - This is Error
[WARN] 2018-07-23 14:51:30,350 com.scp.TestLogic.TestLogic main - This is Warn
[DEBUG] 2018-07-23 14:51:30,384 com.scp.TestLogic.TestLogic main - This is debug
[TRACE] 2018-07-23 14:51:30,439 com.scp.TestLogic.TestLogic main - This is Trace
[FATAL] 2018-07-23 14:51:50,471 com.scp.TestLogic.TestLogic main - This is Fatal
[ERROR] 2018-07-23 14:51:50,526 com.scp.TestLogic.TestLogic main - This is Error
[WARN] 2018-07-23 14:51:50,605 com.scp.TestLogic.TestLogic main - This is Warn
[DEBUG] 2018-07-23 14:51:50,649 com.scp.TestLogic.TestLogic main - This is debug
[TRACE] 2018-07-23 14:51:50,680 com.scp.TestLogic.TestLogic main - This is Trace
[FATAL] 2018-07-23 14:52:10,727 com.scp.TestLogic.TestLogic main - This is Fatal
[ERROR] 2018-07-23 14:52:10,892 com.scp.TestLogic.TestLogic main - This is Error
[WARN] 2018-07-23 14:52:10,923 com.scp.TestLogic.TestLogic main - This is Warn
[DEBUG] 2018-07-23 14:52:10,958 com.scp.TestLogic.TestLogic main - This is debug
[TRACE] 2018-07-23 14:52:10,989 com.scp.TestLogic.TestLogic main - This is Trace
[FATAL] 2018-07-23 14:52:31,062 com.scp.TestLogic.TestLogic main - This is Fatal
[ERROR] 2018-07-23 14:52:31,233 com.scp.TestLogic.TestLogic main - This is Error
[WARN] 2018-07-23 14:52:31,265 com.scp.TestLogic.TestLogic main - This is Warn
[DEBUG] 2018-07-23 14:52:31,299 com.scp.TestLogic.TestLogic main - This is debug
[TRACE] 2018-07-23 14:52:31,331 com.scp.TestLogic.TestLogic main - This is Trace
[FATAL] 2018-07-23 14:52:51,365 com.scp.TestLogic.TestLogic main - This is Fatal
[ERROR] 2018-07-23 14:52:51,430 com.scp.TestLogic.TestLogic main - This is Error
[WARN] 2018-07-23 14:52:51,511 com.scp.TestLogic.TestLogic main - This is Warn
[DEBUG] 2018-07-23 14:52:51,551 com.scp.TestLogic.TestLogic main - This is debug
[TRACE] 2018-07-23 14:52:51,597 com.scp.TestLogic.TestLogic main - This is Trace
[FATAL] 2018-07-23 14:53:11,628 com.scp.TestLogic.TestLogic main - This is Fatal
[ERROR] 2018-07-23 14:53:11,697 com.scp.TestLogic.TestLogic main - This is Error
[WARN] 2018-07-23 14:53:11,774 com.scp.TestLogic.TestLogic main - This is Warn
[DEBUG] 2018-07-23 14:53:11,805 com.scp.TestLogic.TestLogic main - This is debug
[TRACE] 2018-07-23 14:53:11,840 com.scp.TestLogic.TestLogic main - This is Trace
[FATAL] 2018-07-23 14:53:31,873 com.scp.TestLogic.TestLogic main - This is Fatal
[ERROR] 2018-07-23 14:53:31,924 com.scp.TestLogic.TestLogic main - This is Error
[WARN] 2018-07-23 14:53:31,962 com.scp.TestLogic.TestLogic main - This is Warn
[DEBUG] 2018-07-23 14:53:31,993 com.scp.TestLogic.TestLogic main - This is debug
[TRACE] 2018-07-23 14:53:32,050 com.scp.TestLogic.TestLogic main - This is Trace
[FATAL] 2018-07-23 14:53:52,081 com.scp.TestLogic.TestLogic main - This is Fatal
[ERROR] 2018-07-23 14:53:52,116 com.scp.TestLogic.TestLogic main - This is Error
[WARN] 2018-07-23 14:53:52,162 com.scp.TestLogic.TestLogic main - This is Warn
[DEBUG] 2018-07-23 14:53:52,191 com.scp.TestLogic.TestLogic main - This is debug
[TRACE] 2018-07-23 14:53:52,226 com.scp.TestLogic.TestLogic main - This is Trace
[FATAL] 2018-07-23 14:55:41,516 com.scp.TestLogic.TestLogic main - This is Fatal
[ERROR] 2018-07-23 14:55:41,832 com.scp.TestLogic.TestLogic main - This is Error
[WARN] 2018-07-23 14:55:41,866 com.scp.TestLogic.TestLogic main - This is Warn
[DEBUG] 2018-07-23 14:55:41,910 com.scp.TestLogic.TestLogic main - This is debug
[TRACE] 2018-07-23 14:55:41,942 com.scp.TestLogic.TestLogic main - This is Trace
[FATAL] 2018-07-23 14:56:01,977 com.scp.TestLogic.TestLogic main - This is Fatal
[ERROR] 2018-07-23 14:56:02,033 com.scp.TestLogic.TestLogic main - This is Error
[WARN] 2018-07-23 14:56:02,064 com.scp.TestLogic.TestLogic main - This is Warn
[DEBUG] 2018-07-23 14:56:02,098 com.scp.TestLogic.TestLogic main - This is debug
[TRACE] 2018-07-23 14:56:02,129 com.scp.TestLogic.TestLogic main - This is Trace
[FATAL] 2018-07-23 14:56:22,164 com.scp.TestLogic.TestLogic main - This is Fatal
[ERROR] 2018-07-23 14:56:22,220 com.scp.TestLogic.TestLogic main - This is Error
[WARN] 2018-07-23 14:56:22,254 com.scp.TestLogic.TestLogic main - This is Warn
[DEBUG] 2018-07-23 14:56:22,286 com.scp.TestLogic.TestLogic main - This is debug
[TRACE] 2018-07-23 14:56:22,317 com.scp.TestLogic.TestLogic main - This is Trace
[FATAL] 2018-07-23 14:56:42,352 com.scp.TestLogic.TestLogic main - This is Fatal
[ERROR] 2018-07-23 14:56:42,410 com.scp.TestLogic.TestLogic main - This is Error
[WARN] 2018-07-23 14:56:42,477 com.scp.TestLogic.TestLogic main - This is Warn
[DEBUG] 2018-07-23 14:56:42,517 com.scp.TestLogic.TestLogic main - This is debug
[TRACE] 2018-07-23 14:56:42,563 com.scp.TestLogic.TestLogic main - This is Trace
[FATAL] 2018-07-23 14:57:02,605 com.scp.TestLogic.TestLogic main - This is Fatal
[ERROR] 2018-07-23 14:57:02,643 com.scp.TestLogic.TestLogic main - This is Error
[WARN] 2018-07-23 14:57:02,672 com.scp.TestLogic.TestLogic main - This is Warn
[DEBUG] 2018-07-23 14:57:02,707 com.scp.TestLogic.TestLogic main - This is debug
[TRACE] 2018-07-23 14:57:02,738 com.scp.TestLogic.TestLogic main - This is Trace
[FATAL] 2018-07-23 14:57:22,773 com.scp.TestLogic.TestLogic main - This is Fatal
[ERROR] 2018-07-23 14:57:22,829 com.scp.TestLogic.TestLogic main - This is Error
[WARN] 2018-07-23 14:57:22,860 com.scp.TestLogic.TestLogic main - This is Warn
[DEBUG] 2018-07-23 14:57:22,895 com.scp.TestLogic.TestLogic main - This is debug
[TRACE] 2018-07-23 14:57:22,937 com.scp.TestLogic.TestLogic main - This is Trace
[FATAL] 2018-07-23 14:57:42,973 com.scp.TestLogic.TestLogic main - This is Fatal
[ERROR] 2018-07-23 14:57:43,052 com.scp.TestLogic.TestLogic main - This is Error
[WARN] 2018-07-23 14:57:43,084 com.scp.TestLogic.TestLogic main - This is Warn
[DEBUG] 2018-07-23 14:57:43,118 com.scp.TestLogic.TestLogic main - This is debug
[TRACE] 2018-07-23 14:57:43,149 com.scp.TestLogic.TestLogic main - This is Trace
[FATAL] 2018-07-23 14:58:03,184 com.scp.TestLogic.TestLogic main - This is Fatal
[ERROR] 2018-07-23 14:58:03,307 com.scp.TestLogic.TestLogic main - This is Error
[WARN] 2018-07-23 14:58:03,339 com.scp.TestLogic.TestLogic main - This is Warn
[DEBUG] 2018-07-23 14:58:03,374 com.scp.TestLogic.TestLogic main - This is debug
[TRACE] 2018-07-23 14:58:03,459 com.scp.TestLogic.TestLogic main - This is Trace
[FATAL] 2018-07-23 14:58:23,494 com.scp.TestLogic.TestLogic main - This is Fatal
[ERROR] 2018-07-23 14:58:23,627 com.scp.TestLogic.TestLogic main - This is Error
[WARN] 2018-07-23 14:58:23,661 com.scp.TestLogic.TestLogic main - This is Warn
[DEBUG] 2018-07-23 14:58:23,692 com.scp.TestLogic.TestLogic main - This is debug
[TRACE] 2018-07-23 14:58:23,978 com.scp.TestLogic.TestLogic main - This is Trace
[FATAL] 2018-07-23 15:53:01,796 com.scp.TestLogic.TestLogic main - This is Fatal
[ERROR] 2018-07-23 15:53:02,109 com.scp.TestLogic.TestLogic main - This is Error
[WARN] 2018-07-23 15:53:02,142 com.scp.TestLogic.TestLogic main - This is Warn
[DEBUG] 2018-07-23 15:53:02,174 com.scp.TestLogic.TestLogic main - This is debug
[TRACE] 2018-07-23 15:53:02,230 com.scp.TestLogic.TestLogic main - This is Trace
[FATAL] 2018-07-23 15:53:22,263 com.scp.TestLogic.TestLogic main - This is Fatal
[ERROR] 2018-07-23 15:53:22,320 com.scp.TestLogic.TestLogic main - This is Error
[WARN] 2018-07-23 15:53:22,363 com.scp.TestLogic.TestLogic main - This is Warn
[DEBUG] 2018-07-23 15:53:22,463 com.scp.TestLogic.TestLogic main - This is debug
[TRACE] 2018-07-23 15:53:22,494 com.scp.TestLogic.TestLogic main - This is Trace
[FATAL] 2018-07-23 15:53:42,529 com.scp.TestLogic.TestLogic main - This is Fatal
[ERROR] 2018-07-23 15:53:42,642 com.scp.TestLogic.TestLogic main - This is Error
[WARN] 2018-07-23 15:53:42,674 com.scp.TestLogic.TestLogic main - This is Warn
[DEBUG] 2018-07-23 15:53:42,706 com.scp.TestLogic.TestLogic main - This is debug
[TRACE] 2018-07-23 15:53:42,738 com.scp.TestLogic.TestLogic main - This is Trace
[FATAL] 2018-07-23 15:54:02,772 com.scp.TestLogic.TestLogic main - This is Fatal
[ERROR] 2018-07-23 15:54:02,861 com.scp.TestLogic.TestLogic main - This is Error
[WARN] 2018-07-23 15:54:02,895 com.scp.TestLogic.TestLogic main - This is Warn
[DEBUG] 2018-07-23 15:54:02,926 com.scp.TestLogic.TestLogic main - This is debug
[TRACE] 2018-07-23 15:54:02,961 com.scp.TestLogic.TestLogic main - This is Trace
[FATAL] 2018-07-23 15:54:22,992 com.scp.TestLogic.TestLogic main - This is Fatal
[ERROR] 2018-07-23 15:54:23,117 com.scp.TestLogic.TestLogic main - This is Error
[WARN] 2018-07-23 15:54:23,148 com.scp.TestLogic.TestLogic main - This is Warn
[DEBUG] 2018-07-23 15:54:23,182 com.scp.TestLogic.TestLogic main - This is debug
[TRACE] 2018-07-23 15:54:23,226 com.scp.TestLogic.TestLogic main - This is Trace
[FATAL] 2018-07-23 15:54:35,716 com.scp.TestLogic.TestLogic main - This is Fatal
[ERROR] 2018-07-23 15:54:36,373 com.scp.TestLogic.TestLogic main - This is Error
[WARN] 2018-07-23 15:54:36,523 com.scp.TestLogic.TestLogic main - This is Warn
[DEBUG] 2018-07-23 15:54:36,552 com.scp.TestLogic.TestLogic main - This is debug
[TRACE] 2018-07-23 15:54:36,598 com.scp.TestLogic.TestLogic main - This is Trace
[FATAL] 2018-07-23 15:54:43,259 com.scp.TestLogic.TestLogic main - This is Fatal
[ERROR] 2018-07-23 15:54:43,393 com.scp.TestLogic.TestLogic main - This is Error
[WARN] 2018-07-23 15:54:43,424 com.scp.TestLogic.TestLogic main - This is Warn
[DEBUG] 2018-07-23 15:54:43,458 com.scp.TestLogic.TestLogic main - This is debug
[TRACE] 2018-07-23 15:54:43,490 com.scp.TestLogic.TestLogic main - This is Trace
[FATAL] 2018-07-23 15:54:56,643 com.scp.TestLogic.TestLogic main - This is Fatal
[ERROR] 2018-07-23 15:54:56,687 com.scp.TestLogic.TestLogic main - This is Error
[WARN] 2018-07-23 15:54:56,718 com.scp.TestLogic.TestLogic main - This is Warn
[DEBUG] 2018-07-23 15:54:56,753 com.scp.TestLogic.TestLogic main - This is debug
[TRACE] 2018-07-23 15:54:56,784 com.scp.TestLogic.TestLogic main - This is Trace
[FATAL] 2018-07-23 15:55:03,524 com.scp.TestLogic.TestLogic main - This is Fatal
[ERROR] 2018-07-23 15:55:03,592 com.scp.TestLogic.TestLogic main - This is Error
[WARN] 2018-07-23 15:55:03,623 com.scp.TestLogic.TestLogic main - This is Warn
[DEBUG] 2018-07-23 15:55:03,657 com.scp.TestLogic.TestLogic main - This is debug
[TRACE] 2018-07-23 15:55:03,689 com.scp.TestLogic.TestLogic main - This is Trace
[FATAL] 2018-07-23 15:55:16,819 com.scp.TestLogic.TestLogic main - This is Fatal
[ERROR] 2018-07-23 15:55:16,898 com.scp.TestLogic.TestLogic main - This is Error
[WARN] 2018-07-23 15:55:16,953 com.scp.TestLogic.TestLogic main - This is Warn
[DEBUG] 2018-07-23 15:55:16,994 com.scp.TestLogic.TestLogic main - This is debug
[TRACE] 2018-07-23 15:55:17,040 com.scp.TestLogic.TestLogic main - This is Trace
[FATAL] 2018-07-23 15:55:23,724 com.scp.TestLogic.TestLogic main - This is Fatal
[ERROR] 2018-07-23 15:55:23,847 com.scp.TestLogic.TestLogic main - This is Error
[WARN] 2018-07-23 15:55:23,879 com.scp.TestLogic.TestLogic main - This is Warn
[DEBUG] 2018-07-23 15:55:23,924 com.scp.TestLogic.TestLogic main - This is debug
[TRACE] 2018-07-23 15:55:23,955 com.scp.TestLogic.TestLogic main - This is Trace
[FATAL] 2018-07-23 15:55:37,084 com.scp.TestLogic.TestLogic main - This is Fatal
[ERROR] 2018-07-23 15:55:37,151 com.scp.TestLogic.TestLogic main - This is Error
[WARN] 2018-07-23 15:55:37,183 com.scp.TestLogic.TestLogic main - This is Warn
[DEBUG] 2018-07-23 15:55:37,217 com.scp.TestLogic.TestLogic main - This is debug
[TRACE] 2018-07-23 15:55:37,249 com.scp.TestLogic.TestLogic main - This is Trace
[FATAL] 2018-07-23 15:55:43,990 com.scp.TestLogic.TestLogic main - This is Fatal
[ERROR] 2018-07-23 15:55:44,123 com.scp.TestLogic.TestLogic main - This is Error
[WARN] 2018-07-23 15:55:44,168 com.scp.TestLogic.TestLogic main - This is Warn
[DEBUG] 2018-07-23 15:55:44,199 com.scp.TestLogic.TestLogic main - This is debug
[TRACE] 2018-07-23 15:55:44,233 com.scp.TestLogic.TestLogic main - This is Trace
[FATAL] 2018-07-23 15:55:57,297 com.scp.TestLogic.TestLogic main - This is Fatal
[ERROR] 2018-07-23 15:55:57,352 com.scp.TestLogic.TestLogic main - This is Error
[WARN] 2018-07-23 15:55:57,429 com.scp.TestLogic.TestLogic main - This is Warn
[DEBUG] 2018-07-23 15:55:57,517 com.scp.TestLogic.TestLogic main - This is debug
[TRACE] 2018-07-23 15:55:57,584 com.scp.TestLogic.TestLogic main - This is Trace
