[FATAL] 2018-07-23 15:59:06,952 com.scp.TestLogic.TestLogic main - This is Fatal
[ERROR] 2018-07-23 15:59:07,026 com.scp.TestLogic.TestLogic main - This is Error
[WARN] 2018-07-23 15:59:07,066 com.scp.TestLogic.TestLogic main - This is Warn
[DEBUG] 2018-07-23 15:59:07,111 com.scp.TestLogic.TestLogic main - This is debug
[TRACE] 2018-07-23 15:59:07,143 com.scp.TestLogic.TestLogic main - This is Trace
[FATAL] 2018-07-23 15:59:17,189 com.scp.TestLogic.TestLogic main - This is Fatal
[ERROR] 2018-07-23 15:59:17,271 com.scp.TestLogic.TestLogic main - This is Error
[WARN] 2018-07-23 15:59:17,316 com.scp.TestLogic.TestLogic main - This is Warn
[DEBUG] 2018-07-23 15:59:17,348 com.scp.TestLogic.TestLogic main - This is debug
[TRACE] 2018-07-23 15:59:17,382 com.scp.TestLogic.TestLogic main - This is Trace
[FATAL] 2018-07-23 15:59:27,415 com.scp.TestLogic.TestLogic main - This is Fatal
[ERROR] 2018-07-23 15:59:27,477 com.scp.TestLogic.TestLogic main - This is Error
[WARN] 2018-07-23 15:59:27,510 com.scp.TestLogic.TestLogic main - This is Warn
[DEBUG] 2018-07-23 15:59:27,543 com.scp.TestLogic.TestLogic main - This is debug
[TRACE] 2018-07-23 15:59:27,575 com.scp.TestLogic.TestLogic main - This is Trace
[FATAL] 2018-07-23 15:59:37,609 com.scp.TestLogic.TestLogic main - This is Fatal
[ERROR] 2018-07-23 15:59:37,659 com.scp.TestLogic.TestLogic main - This is Error
[WARN] 2018-07-23 15:59:37,691 com.scp.TestLogic.TestLogic main - This is Warn
[DEBUG] 2018-07-23 15:59:37,813 com.scp.TestLogic.TestLogic main - This is debug
[TRACE] 2018-07-23 15:59:37,846 com.scp.TestLogic.TestLogic main - This is Trace
[FATAL] 2018-07-23 15:59:47,880 com.scp.TestLogic.TestLogic main - This is Fatal
[ERROR] 2018-07-23 15:59:47,919 com.scp.TestLogic.TestLogic main - This is Error
[WARN] 2018-07-23 15:59:47,952 com.scp.TestLogic.TestLogic main - This is Warn
[DEBUG] 2018-07-23 15:59:47,985 com.scp.TestLogic.TestLogic main - This is debug
[TRACE] 2018-07-23 15:59:48,018 com.scp.TestLogic.TestLogic main - This is Trace
[FATAL] 2018-07-23 15:59:58,051 com.scp.TestLogic.TestLogic main - This is Fatal
[ERROR] 2018-07-23 15:59:58,090 com.scp.TestLogic.TestLogic main - This is Error
[WARN] 2018-07-23 15:59:58,122 com.scp.TestLogic.TestLogic main - This is Warn
[DEBUG] 2018-07-23 15:59:58,156 com.scp.TestLogic.TestLogic main - This is debug
[TRACE] 2018-07-23 15:59:58,200 com.scp.TestLogic.TestLogic main - This is Trace
[FATAL] 2018-07-23 16:02:46,540 com.scp.TestLogic.TestLogic main - This is Fatal
[ERROR] 2018-07-23 16:02:46,871 com.scp.TestLogic.TestLogic main - This is Error
[WARN] 2018-07-23 16:02:46,902 com.scp.TestLogic.TestLogic main - This is Warn
[DEBUG] 2018-07-23 16:02:46,947 com.scp.TestLogic.TestLogic main - This is debug
[TRACE] 2018-07-23 16:02:46,994 com.scp.TestLogic.TestLogic main - This is Trace
[FATAL] 2018-07-23 16:02:57,047 com.scp.TestLogic.TestLogic main - This is Fatal
[ERROR] 2018-07-23 16:02:57,086 com.scp.TestLogic.TestLogic main - This is Error
[WARN] 2018-07-23 16:02:57,117 com.scp.TestLogic.TestLogic main - This is Warn
[DEBUG] 2018-07-23 16:02:57,162 com.scp.TestLogic.TestLogic main - This is debug
[TRACE] 2018-07-23 16:02:57,195 com.scp.TestLogic.TestLogic main - This is Trace
[FATAL] 2018-07-23 16:03:07,228 com.scp.TestLogic.TestLogic main - This is Fatal
[ERROR] 2018-07-23 16:03:07,267 com.scp.TestLogic.TestLogic main - This is Error
[WARN] 2018-07-23 16:03:07,305 com.scp.TestLogic.TestLogic main - This is Warn
[DEBUG] 2018-07-23 16:03:07,344 com.scp.TestLogic.TestLogic main - This is debug
[TRACE] 2018-07-23 16:03:07,377 com.scp.TestLogic.TestLogic main - This is Trace
[FATAL] 2018-07-23 16:03:17,414 com.scp.TestLogic.TestLogic main - This is Fatal
[ERROR] 2018-07-23 16:03:17,449 com.scp.TestLogic.TestLogic main - This is Error
[WARN] 2018-07-23 16:03:17,482 com.scp.TestLogic.TestLogic main - This is Warn
[DEBUG] 2018-07-23 16:03:17,519 com.scp.TestLogic.TestLogic main - This is debug
[TRACE] 2018-07-23 16:03:17,546 com.scp.TestLogic.TestLogic main - This is Trace
[FATAL] 2018-07-23 16:03:27,581 com.scp.TestLogic.TestLogic main - This is Fatal
[ERROR] 2018-07-23 16:03:27,620 com.scp.TestLogic.TestLogic main - This is Error
[WARN] 2018-07-23 16:03:27,653 com.scp.TestLogic.TestLogic main - This is Warn
[DEBUG] 2018-07-23 16:03:27,686 com.scp.TestLogic.TestLogic main - This is debug
[TRACE] 2018-07-23 16:03:27,730 com.scp.TestLogic.TestLogic main - This is Trace
[FATAL] 2018-07-23 16:03:37,778 com.scp.TestLogic.TestLogic main - This is Fatal
[ERROR] 2018-07-23 16:03:37,813 com.scp.TestLogic.TestLogic main - This is Error
[WARN] 2018-07-23 16:03:37,857 com.scp.TestLogic.TestLogic main - This is Warn
[DEBUG] 2018-07-23 16:03:37,901 com.scp.TestLogic.TestLogic main - This is debug
[TRACE] 2018-07-23 16:03:37,955 com.scp.TestLogic.TestLogic main - This is Trace
[FATAL] 2018-07-23 16:03:48,000 com.scp.TestLogic.TestLogic main - This is Fatal
[ERROR] 2018-07-23 16:03:48,039 com.scp.TestLogic.TestLogic main - This is Error
[WARN] 2018-07-23 16:03:48,072 com.scp.TestLogic.TestLogic main - This is Warn
[DEBUG] 2018-07-23 16:03:48,105 com.scp.TestLogic.TestLogic main - This is debug
[TRACE] 2018-07-23 16:03:48,138 com.scp.TestLogic.TestLogic main - This is Trace
[FATAL] 2018-07-23 16:03:58,172 com.scp.TestLogic.TestLogic main - This is Fatal
[ERROR] 2018-07-23 16:03:58,222 com.scp.TestLogic.TestLogic main - This is Error
[WARN] 2018-07-23 16:03:58,255 com.scp.TestLogic.TestLogic main - This is Warn
[DEBUG] 2018-07-23 16:03:58,288 com.scp.TestLogic.TestLogic main - This is debug
[TRACE] 2018-07-23 16:03:58,321 com.scp.TestLogic.TestLogic main - This is Trace
[FATAL] 2018-07-23 16:04:08,356 com.scp.TestLogic.TestLogic main - This is Fatal
[ERROR] 2018-07-23 16:04:08,398 com.scp.TestLogic.TestLogic main - This is Error
[WARN] 2018-07-23 16:04:08,438 com.scp.TestLogic.TestLogic main - This is Warn
[DEBUG] 2018-07-23 16:04:08,471 com.scp.TestLogic.TestLogic main - This is debug
[TRACE] 2018-07-23 16:04:08,504 com.scp.TestLogic.TestLogic main - This is Trace
[FATAL] 2018-07-23 16:19:38,263 com.scp.TestLogic.TestLogic main - This is Fatal
[ERROR] 2018-07-23 16:19:38,635 com.scp.TestLogic.TestLogic main - This is Error
[WARN] 2018-07-23 16:19:38,666 com.scp.TestLogic.TestLogic main - This is Warn
[DEBUG] 2018-07-23 16:19:38,700 com.scp.TestLogic.TestLogic main - This is debug
[TRACE] 2018-07-23 16:19:38,731 com.scp.TestLogic.TestLogic main - This is Trace
[FATAL] 2018-07-23 16:19:48,767 com.scp.TestLogic.TestLogic main - This is Fatal
[ERROR] 2018-07-23 16:19:48,805 com.scp.TestLogic.TestLogic main - This is Error
[WARN] 2018-07-23 16:19:48,849 com.scp.TestLogic.TestLogic main - This is Warn
[DEBUG] 2018-07-23 16:19:48,904 com.scp.TestLogic.TestLogic main - This is debug
[TRACE] 2018-07-23 16:19:48,940 com.scp.TestLogic.TestLogic main - This is Trace
[FATAL] 2018-07-23 16:19:58,974 com.scp.TestLogic.TestLogic main - This is Fatal
[ERROR] 2018-07-23 16:19:59,009 com.scp.TestLogic.TestLogic main - This is Error
[WARN] 2018-07-23 16:19:59,049 com.scp.TestLogic.TestLogic main - This is Warn
[DEBUG] 2018-07-23 16:19:59,086 com.scp.TestLogic.TestLogic main - This is debug
[TRACE] 2018-07-23 16:19:59,119 com.scp.TestLogic.TestLogic main - This is Trace
[FATAL] 2018-07-23 16:20:09,153 com.scp.TestLogic.TestLogic main - This is Fatal
[ERROR] 2018-07-23 16:20:09,190 com.scp.TestLogic.TestLogic main - This is Error
[WARN] 2018-07-23 16:20:09,224 com.scp.TestLogic.TestLogic main - This is Warn
[DEBUG] 2018-07-23 16:20:09,301 com.scp.TestLogic.TestLogic main - This is debug
[TRACE] 2018-07-23 16:20:09,334 com.scp.TestLogic.TestLogic main - This is Trace
[FATAL] 2018-07-23 16:20:19,367 com.scp.TestLogic.TestLogic main - This is Fatal
[ERROR] 2018-07-23 16:20:19,405 com.scp.TestLogic.TestLogic main - This is Error
[WARN] 2018-07-23 16:20:19,438 com.scp.TestLogic.TestLogic main - This is Warn
[DEBUG] 2018-07-23 16:20:19,471 com.scp.TestLogic.TestLogic main - This is debug
[TRACE] 2018-07-23 16:20:19,504 com.scp.TestLogic.TestLogic main - This is Trace
[FATAL] 2018-07-23 16:20:29,538 com.scp.TestLogic.TestLogic main - This is Fatal
[ERROR] 2018-07-23 16:20:29,577 com.scp.TestLogic.TestLogic main - This is Error
[WARN] 2018-07-23 16:20:29,612 com.scp.TestLogic.TestLogic main - This is Warn
[DEBUG] 2018-07-23 16:20:29,652 com.scp.TestLogic.TestLogic main - This is debug
[TRACE] 2018-07-23 16:20:29,688 com.scp.TestLogic.TestLogic main - This is Trace
[FATAL] 2018-07-23 16:20:39,720 com.scp.TestLogic.TestLogic main - This is Fatal
[ERROR] 2018-07-23 16:20:39,810 com.scp.TestLogic.TestLogic main - This is Error
[WARN] 2018-07-23 16:20:39,845 com.scp.TestLogic.TestLogic main - This is Warn
[DEBUG] 2018-07-23 16:20:39,890 com.scp.TestLogic.TestLogic main - This is debug
[TRACE] 2018-07-23 16:20:39,934 com.scp.TestLogic.TestLogic main - This is Trace
[FATAL] 2018-07-23 16:20:49,968 com.scp.TestLogic.TestLogic main - This is Fatal
[ERROR] 2018-07-23 16:20:50,005 com.scp.TestLogic.TestLogic main - This is Error
[WARN] 2018-07-23 16:20:50,050 com.scp.TestLogic.TestLogic main - This is Warn
[DEBUG] 2018-07-23 16:20:50,083 com.scp.TestLogic.TestLogic main - This is debug
[TRACE] 2018-07-23 16:20:50,116 com.scp.TestLogic.TestLogic main - This is Trace
[FATAL] 2018-07-23 16:21:00,152 com.scp.TestLogic.TestLogic main - This is Fatal
[ERROR] 2018-07-23 16:21:00,187 com.scp.TestLogic.TestLogic main - This is Error
[WARN] 2018-07-23 16:21:00,254 com.scp.TestLogic.TestLogic main - This is Warn
[DEBUG] 2018-07-23 16:21:00,286 com.scp.TestLogic.TestLogic main - This is debug
[TRACE] 2018-07-23 16:21:00,320 com.scp.TestLogic.TestLogic main - This is Trace
[FATAL] 2018-07-23 17:06:46,296 com.scp.TestLogic.TestLogic main - This is Fatal
[ERROR] 2018-07-23 17:06:46,299 com.scp.TestLogic.TestLogic main - This is Error
[WARN] 2018-07-23 17:06:46,299 com.scp.TestLogic.TestLogic main - This is Warn
[DEBUG] 2018-07-23 17:06:46,300 com.scp.TestLogic.TestLogic main - This is debug
[TRACE] 2018-07-23 17:06:46,304 com.scp.TestLogic.TestLogic main - This is Trace
[FATAL] 2018-07-23 17:06:56,306 com.scp.TestLogic.TestLogic main - This is Fatal
[ERROR] 2018-07-23 17:06:56,307 com.scp.TestLogic.TestLogic main - This is Error
[WARN] 2018-07-23 17:06:56,307 com.scp.TestLogic.TestLogic main - This is Warn
[DEBUG] 2018-07-23 17:06:56,312 com.scp.TestLogic.TestLogic main - This is debug
[TRACE] 2018-07-23 17:06:56,312 com.scp.TestLogic.TestLogic main - This is Trace
[FATAL] 2018-07-23 17:07:06,313 com.scp.TestLogic.TestLogic main - This is Fatal
[ERROR] 2018-07-23 17:07:06,314 com.scp.TestLogic.TestLogic main - This is Error
[WARN] 2018-07-23 17:07:06,314 com.scp.TestLogic.TestLogic main - This is Warn
[DEBUG] 2018-07-23 17:07:06,315 com.scp.TestLogic.TestLogic main - This is debug
[TRACE] 2018-07-23 17:07:06,316 com.scp.TestLogic.TestLogic main - This is Trace
[FATAL] 2018-07-23 17:07:16,317 com.scp.TestLogic.TestLogic main - This is Fatal
[ERROR] 2018-07-23 17:07:16,322 com.scp.TestLogic.TestLogic main - This is Error
[WARN] 2018-07-23 17:07:16,323 com.scp.TestLogic.TestLogic main - This is Warn
[DEBUG] 2018-07-23 17:07:16,324 com.scp.TestLogic.TestLogic main - This is debug
[TRACE] 2018-07-23 17:07:16,328 com.scp.TestLogic.TestLogic main - This is Trace
